imagepicker/build/intermediates/manifest_merge_blame_file/debug/manifest-merger-blame-debug-report.txt
1<?xml version="1.0" encoding="utf-8"?>
2<manifest xmlns:android="http://schemas.android.com/apk/res/android"
3    package="com.esafirm.imagepicker"
4    android:versionCode="1"
5    android:versionName="1.0" >
6
7    <uses-sdk
8        android:minSdkVersion="24"
8-->src\main\AndroidManifest.xml
9        android:targetSdkVersion="29" />
9-->src\main\AndroidManifest.xml
10
11    <uses-permission android:name="android.permission.READ_EXTERNAL_STORAGE" />
11-->src\main\AndroidManifest.xml:5:5-80
11-->src\main\AndroidManifest.xml:5:22-77
12    <uses-permission android:name="android.permission.WRITE_EXTERNAL_STORAGE" />
12-->src\main\AndroidManifest.xml:6:5-81
12-->src\main\AndroidManifest.xml:6:22-78
13    <uses-permission android:name="android.permission.CAMERA" />
13-->src\main\AndroidManifest.xml:7:5-65
13-->src\main\AndroidManifest.xml:7:22-62
14
15    <application>
15-->src\main\AndroidManifest.xml:9:5-25:19
16        <activity
16-->src\main\AndroidManifest.xml:10:9-13:50
17            android:name="com.esafirm.imagepicker.features.ImagePickerActivity"
17-->src\main\AndroidManifest.xml:11:13-80
18            android:configChanges="orientation|screenSize"
18-->src\main\AndroidManifest.xml:12:13-59
19            android:theme="@style/ef_AppTheme" />
19-->src\main\AndroidManifest.xml:13:13-47
20
21        <provider
21-->src\main\AndroidManifest.xml:15:9-23:20
22            android:name="com.esafirm.imagepicker.helper.ImagePickerFileProvider"
22-->src\main\AndroidManifest.xml:16:13-59
23            android:authorities="dollar_openBracket_applicationId_closeBracket.imagepicker.provider"
23-->src\main\AndroidManifest.xml:17:13-72
24            android:exported="false"
24-->src\main\AndroidManifest.xml:18:13-37
25            android:grantUriPermissions="true" >
25-->src\main\AndroidManifest.xml:19:13-47
26            <meta-data
26-->src\main\AndroidManifest.xml:20:13-22:71
27                android:name="android.support.FILE_PROVIDER_PATHS"
27-->src\main\AndroidManifest.xml:21:17-67
28                android:resource="@xml/image_picker_provider_paths" />
28-->src\main\AndroidManifest.xml:22:17-68
29        </provider>
30    </application>
31
32</manifest>